{"level":"info","message":"hello"}
{"level":"info","message":"hello"}
{"level":"info","message":"\u001b[0mGET /auth/login \u001b[36m304\u001b[0m 21.767 ms - -\u001b[0m\n"}
{"level":"info","message":"hello"}
{"level":"info","message":"::1 - - [15/Mar/2022:12:37:45 +0000] \"GET /auth/login HTTP/1.1\" 304 - \"-\" \"Mozilla/5.0 (Windows NT 10.0; Win64; x64) AppleWebKit/537.36 (KHTML, like Gecko) Chrome/99.0.4844.51 Safari/537.36\"\n"}
{"level":"info","message":"::1 - - [15/Mar/2022:13:08:07 +0000] \"GET /movies/1 HTTP/1.1\" 200 15 \"-\" \"PostmanRuntime/7.29.0\"\n"}
{"level":"info","message":"::1 - - [15/Mar/2022:13:08:56 +0000] \"GET /movies/1 HTTP/1.1\" 200 15 \"-\" \"PostmanRuntime/7.29.0\"\n"}
{"level":"info","message":"::1 - - [15/Mar/2022:13:15:26 +0000] \"GET /movies/1 HTTP/1.1\" 200 15076 \"-\" \"PostmanRuntime/7.29.0\"\n"}
{"level":"info","message":"::1 - - [15/Mar/2022:13:16:14 +0000] \"GET /movies/2 HTTP/1.1\" 200 18000 \"-\" \"PostmanRuntime/7.29.0\"\n"}
{"level":"info","message":"::1 - - [15/Mar/2022:13:22:40 +0000] \"GET /movies/2 HTTP/1.1\" 200 18000 \"-\" \"PostmanRuntime/7.29.0\"\n"}
{"level":"info","message":"::1 - - [15/Mar/2022:13:24:15 +0000] \"GET /movie/573a1391f29313caabcd7f19 HTTP/1.1\" 200 2091 \"-\" \"PostmanRuntime/7.29.0\"\n"}
{"level":"info","message":"::1 - - [15/Mar/2022:13:25:45 +0000] \"GET /movie/123 HTTP/1.1\" 500 1117 \"-\" \"PostmanRuntime/7.29.0\"\n"}
{"level":"info","message":"::1 - - [15/Mar/2022:13:27:20 +0000] \"GET /movie/123 HTTP/1.1\" 400 11 \"-\" \"PostmanRuntime/7.29.0\"\n"}
{"level":"info","message":"::1 - - [15/Mar/2022:13:34:06 +0000] \"GET /comments HTTP/1.1\" 404 147 \"-\" \"PostmanRuntime/7.29.0\"\n"}
{"level":"info","message":"::1 - - [15/Mar/2022:13:37:33 +0000] \"GET /comments HTTP/1.1\" 404 9 \"-\" \"PostmanRuntime/7.29.0\"\n"}
{"level":"error","message":"Not Found"}
{"level":"info","message":"::1 - - [15/Mar/2022:13:43:32 +0000] \"GET /comments HTTP/1.1\" 404 23 \"-\" \"PostmanRuntime/7.29.0\"\n"}
{"level":"error","message":"Bad Request"}
{"level":"info","message":"::1 - - [15/Mar/2022:13:45:01 +0000] \"GET /movies/name HTTP/1.1\" 400 25 \"-\" \"PostmanRuntime/7.29.0\"\n"}
{"level":"info","message":"::1 - - [15/Mar/2022:14:00:45 +0000] \"GET /movies/1 HTTP/1.1\" 200 15076 \"-\" \"PostmanRuntime/7.29.0\"\n"}
